2025/12/11 16:52:41 CWD: /home/shruggr/Code/1sat-indexer
2025/12/11 16:52:41 REDISEVT redis://localhost:6380
2025/12/11 16:52:41 JUNGLEBUS https://junglebus.gorillapool.io
2025/12/11 16:52:41 BEEF_URL redis://localhost:6380,junglebus://
2025/12/11 16:52:41 Connecting to Redis BeefStorage... redis://localhost:6380
2025/12/11 16:52:41 CWD: /home/shruggr/Code/1sat-indexer
2025/12/11 16:52:41 JUNGLEBUS https://junglebus.gorillapool.io
2025/12/11 16:52:41 Using ARC Broadcaster:https://arc.gorillapool.io/v1<nil>
2025/12/11 16:52:41 Using remote arcade server at http://localhost:3011
2025/12/11 16:52:41 CWD: /home/shruggr/Code/1sat-indexer
2025/12/11 16:52:41 Server working directory: /home/shruggr/Code/1sat-indexer
2025/12/11 16:52:41 ✓ Found swagger.json at: /home/shruggr/Code/1sat-indexer/docs/swagger.json
2025/12/11 16:52:41 Listening on 8083

 ┌───────────────────────────────────────────────────┐ 
 │                  Fiber v2.52.10                   │ 
 │               http://127.0.0.1:8083               │ 
 │       (bound on host 0.0.0.0 and port 8083)       │ 
 │                                                   │ 
 │ Handlers ............ 67  Processes ........... 1 │ 
 │ Prefork ....... Disabled  PID ............ 208893 │ 
 └───────────────────────────────────────────────────┘ 

2025/12/11 16:52:41 [ARC] Broadcast status listener started
16:52:46 | 200 |     784.867µs | 192.168.50.211 | GET | /v5/blocks/tip | -
16:52:46 | 200 |    2.858593ms | 192.168.50.211 | GET | /v5/blocks/list/927047 | -
2025/12/11 16:52:46 RegisterAccount: registering account 1AjdTTSvxTde1FtMjwSuyNqvwiwjmBAjD1 with 3 owners
2025/12/11 16:52:46 UpdateAccount: starting update for account 1AjdTTSvxTde1FtMjwSuyNqvwiwjmBAjD1 with 3 owners
2025/12/11 16:52:46 UpdateAccount: processing owner 1/3: 13AGuUcJKJm5JaT9qssFxK8DETo3tAaa66
2025/12/11 16:52:46 UpdateAccount: processing owner 2/3: 1AjdTTSvxTde1FtMjwSuyNqvwiwjmBAjD1
2025/12/11 16:52:46 UpdateAccount: processing owner 3/3: 1FDHUkNu5QLH1XhdjJ3tpcEVSetB5QhnCZ
2025/12/11 16:52:46 UpdateAccount: batch inserting logs for 3 owners
2025/12/11 16:52:46 UpdateAccount: completed update for account 1AjdTTSvxTde1FtMjwSuyNqvwiwjmBAjD1
2025/12/11 16:52:46 RegisterAccount: starting sync for account 1AjdTTSvxTde1FtMjwSuyNqvwiwjmBAjD1
2025/12/11 16:52:46 SyncAcct: starting sync for account 1AjdTTSvxTde1FtMjwSuyNqvwiwjmBAjD1
2025/12/11 16:52:46 SyncAcct: found 3 owners for account 1AjdTTSvxTde1FtMjwSuyNqvwiwjmBAjD1
2025/12/11 16:52:46 SyncAcct: syncing owner 1/3: 13AGuUcJKJm5JaT9qssFxK8DETo3tAaa66
2025/12/11 16:52:46 SyncOwner: starting sync for owner 13AGuUcJKJm5JaT9qssFxK8DETo3tAaa66
2025/12/11 16:52:46 SyncOwner: last synced height for 13AGuUcJKJm5JaT9qssFxK8DETo3tAaa66: 921744
2025/12/11 16:52:46 FetchOwnerTxns: fetching from https://junglebus.gorillapool.io/v1/address/get/13AGuUcJKJm5JaT9qssFxK8DETo3tAaa66/921744
2025/12/11 16:52:46 FetchOwnerTxns: received 1 transactions for 13AGuUcJKJm5JaT9qssFxK8DETo3tAaa66 from height 921744
2025/12/11 16:52:46 SyncOwner: processing 1 transactions for 13AGuUcJKJm5JaT9qssFxK8DETo3tAaa66
2025/12/11 16:52:46 SyncOwner: waiting for goroutines to complete for 13AGuUcJKJm5JaT9qssFxK8DETo3tAaa66
2025/12/11 16:52:47 SyncOwner: successfully processed 1 transactions (skipped 0) for 13AGuUcJKJm5JaT9qssFxK8DETo3tAaa66
2025/12/11 16:52:47 SyncOwner: updated last height to 921744 for 13AGuUcJKJm5JaT9qssFxK8DETo3tAaa66
2025/12/11 16:52:47 SyncOwner: completed sync for owner 13AGuUcJKJm5JaT9qssFxK8DETo3tAaa66
2025/12/11 16:52:47 SyncAcct: syncing owner 2/3: 1AjdTTSvxTde1FtMjwSuyNqvwiwjmBAjD1
2025/12/11 16:52:47 SyncOwner: starting sync for owner 1AjdTTSvxTde1FtMjwSuyNqvwiwjmBAjD1
2025/12/11 16:52:47 SyncOwner: last synced height for 1AjdTTSvxTde1FtMjwSuyNqvwiwjmBAjD1: 882009
2025/12/11 16:52:47 FetchOwnerTxns: fetching from https://junglebus.gorillapool.io/v1/address/get/1AjdTTSvxTde1FtMjwSuyNqvwiwjmBAjD1/882009
2025/12/11 16:52:47 FetchOwnerTxns: received 1 transactions for 1AjdTTSvxTde1FtMjwSuyNqvwiwjmBAjD1 from height 882009
2025/12/11 16:52:47 SyncOwner: processing 1 transactions for 1AjdTTSvxTde1FtMjwSuyNqvwiwjmBAjD1
2025/12/11 16:52:47 SyncOwner: waiting for goroutines to complete for 1AjdTTSvxTde1FtMjwSuyNqvwiwjmBAjD1
2025/12/11 16:52:49 SyncOwner: successfully processed 1 transactions (skipped 0) for 1AjdTTSvxTde1FtMjwSuyNqvwiwjmBAjD1
2025/12/11 16:52:49 SyncOwner: updated last height to 882009 for 1AjdTTSvxTde1FtMjwSuyNqvwiwjmBAjD1
2025/12/11 16:52:49 SyncOwner: completed sync for owner 1AjdTTSvxTde1FtMjwSuyNqvwiwjmBAjD1
2025/12/11 16:52:49 SyncAcct: syncing owner 3/3: 1FDHUkNu5QLH1XhdjJ3tpcEVSetB5QhnCZ
2025/12/11 16:52:49 SyncOwner: starting sync for owner 1FDHUkNu5QLH1XhdjJ3tpcEVSetB5QhnCZ
2025/12/11 16:52:49 SyncOwner: last synced height for 1FDHUkNu5QLH1XhdjJ3tpcEVSetB5QhnCZ: 920690
2025/12/11 16:52:49 FetchOwnerTxns: fetching from https://junglebus.gorillapool.io/v1/address/get/1FDHUkNu5QLH1XhdjJ3tpcEVSetB5QhnCZ/920690
2025/12/11 16:52:49 FetchOwnerTxns: received 1 transactions for 1FDHUkNu5QLH1XhdjJ3tpcEVSetB5QhnCZ from height 920690
2025/12/11 16:52:49 SyncOwner: processing 1 transactions for 1FDHUkNu5QLH1XhdjJ3tpcEVSetB5QhnCZ
2025/12/11 16:52:49 SyncOwner: waiting for goroutines to complete for 1FDHUkNu5QLH1XhdjJ3tpcEVSetB5QhnCZ
2025/12/11 16:52:50 SyncOwner: successfully processed 1 transactions (skipped 0) for 1FDHUkNu5QLH1XhdjJ3tpcEVSetB5QhnCZ
2025/12/11 16:52:50 SyncOwner: updated last height to 920690 for 1FDHUkNu5QLH1XhdjJ3tpcEVSetB5QhnCZ
2025/12/11 16:52:50 SyncOwner: completed sync for owner 1FDHUkNu5QLH1XhdjJ3tpcEVSetB5QhnCZ
2025/12/11 16:52:50 SyncAcct: completed sync for account 1AjdTTSvxTde1FtMjwSuyNqvwiwjmBAjD1
2025/12/11 16:52:50 RegisterAccount: successfully registered account 1AjdTTSvxTde1FtMjwSuyNqvwiwjmBAjD1
16:52:46 | 204 |  4.077990574s | 192.168.50.211 | PUT | /v5/acct/1AjdTTSvxTde1FtMjwSuyNqvwiwjmBAjD1 | -
16:52:50 | 200 |    1.511625ms | 192.168.50.211 | GET | /v5/own/13AGuUcJKJm5JaT9qssFxK8DETo3tAaa66/txos | -
16:52:50 | 200 |     119.934µs | 192.168.50.211 | GET | /v5/own/1AjdTTSvxTde1FtMjwSuyNqvwiwjmBAjD1/txos | -
16:52:50 | 200 |     788.824µs | 192.168.50.211 | GET | /v5/own/1FDHUkNu5QLH1XhdjJ3tpcEVSetB5QhnCZ/txos | -
16:52:50 | 200 |      99.325µs | 192.168.50.211 | GET | /v5/evt/lock/owner/13AGuUcJKJm5JaT9qssFxK8DETo3tAaa66 | -
16:52:50 | 200 |     101.259µs | 192.168.50.211 | GET | /v5/evt/lock/owner/1AjdTTSvxTde1FtMjwSuyNqvwiwjmBAjD1 | -
16:52:50 | 200 |     149.329µs | 192.168.50.211 | GET | /v5/evt/lock/owner/1FDHUkNu5QLH1XhdjJ3tpcEVSetB5QhnCZ | -
16:52:50 | 200 |     933.725µs | 192.168.50.211 | GET | /v5/own/13AGuUcJKJm5JaT9qssFxK8DETo3tAaa66/txos | -
16:52:50 | 200 |     109.936µs | 192.168.50.211 | GET | /v5/own/1AjdTTSvxTde1FtMjwSuyNqvwiwjmBAjD1/txos | -
16:52:50 | 200 |     381.773µs | 192.168.50.211 | GET | /v5/own/1FDHUkNu5QLH1XhdjJ3tpcEVSetB5QhnCZ/txos | -
2025/12/11 16:52:51 SyncAcct: starting sync for account 1AjdTTSvxTde1FtMjwSuyNqvwiwjmBAjD1
2025/12/11 16:52:51 SyncAcct: found 3 owners for account 1AjdTTSvxTde1FtMjwSuyNqvwiwjmBAjD1
2025/12/11 16:52:51 SyncAcct: syncing owner 1/3: 13AGuUcJKJm5JaT9qssFxK8DETo3tAaa66
2025/12/11 16:52:51 SyncOwner: starting sync for owner 13AGuUcJKJm5JaT9qssFxK8DETo3tAaa66
2025/12/11 16:52:51 SyncOwner: last synced height for 13AGuUcJKJm5JaT9qssFxK8DETo3tAaa66: 921744
2025/12/11 16:52:51 FetchOwnerTxns: fetching from https://junglebus.gorillapool.io/v1/address/get/13AGuUcJKJm5JaT9qssFxK8DETo3tAaa66/921744
16:52:51 | 200 |    1.121436ms | 192.168.50.211 | GET | /v5/blocks/list/927048 | -
16:52:51 | 200 |    2.149657ms | 192.168.50.211 | GET | /v5/tx/d578a8c71970c0643654b545516a717d1bafe9c6fc2957813c10688596eac5e6/beef | -
16:52:51 | 200 |    2.369128ms | 192.168.50.211 | GET | /v5/tx/af3567bbc782141a23929b3432ec1a015e1457b051b6861577f14f6c2800cd43/beef | -
2025/12/11 16:52:51 FetchOwnerTxns: received 1 transactions for 13AGuUcJKJm5JaT9qssFxK8DETo3tAaa66 from height 921744
2025/12/11 16:52:51 SyncOwner: processing 1 transactions for 13AGuUcJKJm5JaT9qssFxK8DETo3tAaa66
2025/12/11 16:52:51 SyncOwner: waiting for goroutines to complete for 13AGuUcJKJm5JaT9qssFxK8DETo3tAaa66
2025/12/11 16:52:51 [INGEST] Skipping e8bbb409674a434721f1a89d3188673c6816a3245a23f724addb01ec74b0bb87
2025/12/11 16:52:51 SyncOwner: successfully processed 1 transactions (skipped 0) for 13AGuUcJKJm5JaT9qssFxK8DETo3tAaa66
2025/12/11 16:52:51 SyncOwner: updated last height to 921744 for 13AGuUcJKJm5JaT9qssFxK8DETo3tAaa66
2025/12/11 16:52:51 SyncOwner: completed sync for owner 13AGuUcJKJm5JaT9qssFxK8DETo3tAaa66
2025/12/11 16:52:51 SyncAcct: syncing owner 2/3: 1AjdTTSvxTde1FtMjwSuyNqvwiwjmBAjD1
2025/12/11 16:52:51 SyncOwner: starting sync for owner 1AjdTTSvxTde1FtMjwSuyNqvwiwjmBAjD1
2025/12/11 16:52:51 SyncOwner: last synced height for 1AjdTTSvxTde1FtMjwSuyNqvwiwjmBAjD1: 882009
2025/12/11 16:52:51 FetchOwnerTxns: fetching from https://junglebus.gorillapool.io/v1/address/get/1AjdTTSvxTde1FtMjwSuyNqvwiwjmBAjD1/882009
16:52:51 | 200 |    2.279781ms | 192.168.50.211 | GET | /v5/tx/d2ca0ecdc1f3db939c90051e62cdfe3f332088918b2774d260ed88a8fb57923e/beef | -
16:52:51 | 200 |    1.118691ms | 192.168.50.211 | GET | /v5/tx/b35792aeaf919dd8ecb79cb6139d606348fab9cc1001e322b5ca1de842cf401c/beef | -
16:52:51 | 200 |     675.923µs | 192.168.50.211 | GET | /v5/tx/42bdcb7de56d716a0f38b3e68070fe3edcc9afbf1a7c44ea8ffcf27ad6106855/beef | -
16:52:51 | 200 |     784.295µs | 192.168.50.211 | GET | /v5/tx/207f033d217bb9fcb4b8ead4119f687072395d2c8da6f3850be2edf26f28a039/beef | -
16:52:51 | 200 |     403.073µs | 192.168.50.211 | GET | /v5/tx/dfad618718c813e946693094c864bc8c1eacf4d5abd3111aab1ba8beefd394d7/beef | -
2025/12/11 16:52:51 FetchOwnerTxns: received 1 transactions for 1AjdTTSvxTde1FtMjwSuyNqvwiwjmBAjD1 from height 882009
2025/12/11 16:52:51 SyncOwner: processing 1 transactions for 1AjdTTSvxTde1FtMjwSuyNqvwiwjmBAjD1
2025/12/11 16:52:51 SyncOwner: waiting for goroutines to complete for 1AjdTTSvxTde1FtMjwSuyNqvwiwjmBAjD1
2025/12/11 16:52:51 [INGEST] Skipping b35792aeaf919dd8ecb79cb6139d606348fab9cc1001e322b5ca1de842cf401c
2025/12/11 16:52:51 SyncOwner: successfully processed 1 transactions (skipped 0) for 1AjdTTSvxTde1FtMjwSuyNqvwiwjmBAjD1
2025/12/11 16:52:51 SyncOwner: updated last height to 882009 for 1AjdTTSvxTde1FtMjwSuyNqvwiwjmBAjD1
2025/12/11 16:52:51 SyncOwner: completed sync for owner 1AjdTTSvxTde1FtMjwSuyNqvwiwjmBAjD1
2025/12/11 16:52:51 SyncAcct: syncing owner 3/3: 1FDHUkNu5QLH1XhdjJ3tpcEVSetB5QhnCZ
2025/12/11 16:52:51 SyncOwner: starting sync for owner 1FDHUkNu5QLH1XhdjJ3tpcEVSetB5QhnCZ
2025/12/11 16:52:51 SyncOwner: last synced height for 1FDHUkNu5QLH1XhdjJ3tpcEVSetB5QhnCZ: 920690
2025/12/11 16:52:51 FetchOwnerTxns: fetching from https://junglebus.gorillapool.io/v1/address/get/1FDHUkNu5QLH1XhdjJ3tpcEVSetB5QhnCZ/920690
2025/12/11 16:52:51 FetchOwnerTxns: received 1 transactions for 1FDHUkNu5QLH1XhdjJ3tpcEVSetB5QhnCZ from height 920690
2025/12/11 16:52:51 SyncOwner: processing 1 transactions for 1FDHUkNu5QLH1XhdjJ3tpcEVSetB5QhnCZ
2025/12/11 16:52:51 SyncOwner: waiting for goroutines to complete for 1FDHUkNu5QLH1XhdjJ3tpcEVSetB5QhnCZ
2025/12/11 16:52:51 [INGEST] Skipping 60fb8e74cc13cf57d5b796449f064c44316365d27dea3fed55fc8bcdaa909f6d
2025/12/11 16:52:51 SyncOwner: successfully processed 1 transactions (skipped 0) for 1FDHUkNu5QLH1XhdjJ3tpcEVSetB5QhnCZ
2025/12/11 16:52:51 SyncOwner: updated last height to 920690 for 1FDHUkNu5QLH1XhdjJ3tpcEVSetB5QhnCZ
2025/12/11 16:52:51 SyncOwner: completed sync for owner 1FDHUkNu5QLH1XhdjJ3tpcEVSetB5QhnCZ
2025/12/11 16:52:51 SyncAcct: completed sync for account 1AjdTTSvxTde1FtMjwSuyNqvwiwjmBAjD1
16:52:51 | 200 |  227.314475ms | 192.168.50.211 | GET | /v5/acct/1AjdTTSvxTde1FtMjwSuyNqvwiwjmBAjD1/921744000006433 | -
16:52:51 | 200 |      91.381µs | 192.168.50.211 | GET | /v5/blocks/tip | -
16:52:51 | 200 |  104.229694ms | 192.168.50.211 | GET | /v5/tx/6429a1ed50d525d5afebe80bf8d5fd42b87a4bffa895b580b7874ca4b2aa3af7/beef | -
16:52:51 | 200 |     492.641µs | 192.168.50.211 | GET | /v5/tx/dc04a51cc4dbcc31db633ed874410e5f415b9b898200828d313b12829487fb79/beef | -
16:52:51 | 200 |  101.289009ms | 192.168.50.211 | GET | /v5/tx/a21be22ba43097d4528872a17a7af53c2e1dbb6d96c2af17722652708c3b723b/beef | -
16:52:51 | 200 |     617.013µs | 192.168.50.211 | GET | /v5/tx/60fb8e74cc13cf57d5b796449f064c44316365d27dea3fed55fc8bcdaa909f6d/beef | -
16:52:51 | 200 |     598.809µs | 192.168.50.211 | GET | /v5/tx/e8bbb409674a434721f1a89d3188673c6816a3245a23f724addb01ec74b0bb87/beef | -
2025/12/11 16:53:00 SyncAcct: starting sync for account 1AjdTTSvxTde1FtMjwSuyNqvwiwjmBAjD1
2025/12/11 16:53:00 SyncAcct: found 3 owners for account 1AjdTTSvxTde1FtMjwSuyNqvwiwjmBAjD1
2025/12/11 16:53:00 SyncAcct: syncing owner 1/3: 13AGuUcJKJm5JaT9qssFxK8DETo3tAaa66
2025/12/11 16:53:00 SyncOwner: starting sync for owner 13AGuUcJKJm5JaT9qssFxK8DETo3tAaa66
2025/12/11 16:53:00 SyncOwner: last synced height for 13AGuUcJKJm5JaT9qssFxK8DETo3tAaa66: 921744
2025/12/11 16:53:00 FetchOwnerTxns: fetching from https://junglebus.gorillapool.io/v1/address/get/13AGuUcJKJm5JaT9qssFxK8DETo3tAaa66/921744
2025/12/11 16:53:01 FetchOwnerTxns: received 1 transactions for 13AGuUcJKJm5JaT9qssFxK8DETo3tAaa66 from height 921744
2025/12/11 16:53:01 SyncOwner: processing 1 transactions for 13AGuUcJKJm5JaT9qssFxK8DETo3tAaa66
2025/12/11 16:53:01 SyncOwner: waiting for goroutines to complete for 13AGuUcJKJm5JaT9qssFxK8DETo3tAaa66
2025/12/11 16:53:01 [INGEST] Skipping e8bbb409674a434721f1a89d3188673c6816a3245a23f724addb01ec74b0bb87
2025/12/11 16:53:01 SyncOwner: successfully processed 1 transactions (skipped 0) for 13AGuUcJKJm5JaT9qssFxK8DETo3tAaa66
2025/12/11 16:53:01 SyncOwner: updated last height to 921744 for 13AGuUcJKJm5JaT9qssFxK8DETo3tAaa66
2025/12/11 16:53:01 SyncOwner: completed sync for owner 13AGuUcJKJm5JaT9qssFxK8DETo3tAaa66
2025/12/11 16:53:01 SyncAcct: syncing owner 2/3: 1AjdTTSvxTde1FtMjwSuyNqvwiwjmBAjD1
2025/12/11 16:53:01 SyncOwner: starting sync for owner 1AjdTTSvxTde1FtMjwSuyNqvwiwjmBAjD1
2025/12/11 16:53:01 SyncOwner: last synced height for 1AjdTTSvxTde1FtMjwSuyNqvwiwjmBAjD1: 882009
2025/12/11 16:53:01 FetchOwnerTxns: fetching from https://junglebus.gorillapool.io/v1/address/get/1AjdTTSvxTde1FtMjwSuyNqvwiwjmBAjD1/882009
2025/12/11 16:53:01 FetchOwnerTxns: received 1 transactions for 1AjdTTSvxTde1FtMjwSuyNqvwiwjmBAjD1 from height 882009
2025/12/11 16:53:01 SyncOwner: processing 1 transactions for 1AjdTTSvxTde1FtMjwSuyNqvwiwjmBAjD1
2025/12/11 16:53:01 SyncOwner: waiting for goroutines to complete for 1AjdTTSvxTde1FtMjwSuyNqvwiwjmBAjD1
2025/12/11 16:53:01 [INGEST] Skipping b35792aeaf919dd8ecb79cb6139d606348fab9cc1001e322b5ca1de842cf401c
2025/12/11 16:53:01 SyncOwner: successfully processed 1 transactions (skipped 0) for 1AjdTTSvxTde1FtMjwSuyNqvwiwjmBAjD1
2025/12/11 16:53:01 SyncOwner: updated last height to 882009 for 1AjdTTSvxTde1FtMjwSuyNqvwiwjmBAjD1
2025/12/11 16:53:01 SyncOwner: completed sync for owner 1AjdTTSvxTde1FtMjwSuyNqvwiwjmBAjD1
2025/12/11 16:53:01 SyncAcct: syncing owner 3/3: 1FDHUkNu5QLH1XhdjJ3tpcEVSetB5QhnCZ
2025/12/11 16:53:01 SyncOwner: starting sync for owner 1FDHUkNu5QLH1XhdjJ3tpcEVSetB5QhnCZ
2025/12/11 16:53:01 SyncOwner: last synced height for 1FDHUkNu5QLH1XhdjJ3tpcEVSetB5QhnCZ: 920690
2025/12/11 16:53:01 FetchOwnerTxns: fetching from https://junglebus.gorillapool.io/v1/address/get/1FDHUkNu5QLH1XhdjJ3tpcEVSetB5QhnCZ/920690
2025/12/11 16:53:01 FetchOwnerTxns: received 1 transactions for 1FDHUkNu5QLH1XhdjJ3tpcEVSetB5QhnCZ from height 920690
2025/12/11 16:53:01 SyncOwner: processing 1 transactions for 1FDHUkNu5QLH1XhdjJ3tpcEVSetB5QhnCZ
2025/12/11 16:53:01 SyncOwner: waiting for goroutines to complete for 1FDHUkNu5QLH1XhdjJ3tpcEVSetB5QhnCZ
2025/12/11 16:53:01 [INGEST] Skipping 60fb8e74cc13cf57d5b796449f064c44316365d27dea3fed55fc8bcdaa909f6d
2025/12/11 16:53:01 SyncOwner: successfully processed 1 transactions (skipped 0) for 1FDHUkNu5QLH1XhdjJ3tpcEVSetB5QhnCZ
2025/12/11 16:53:01 SyncOwner: updated last height to 920690 for 1FDHUkNu5QLH1XhdjJ3tpcEVSetB5QhnCZ
2025/12/11 16:53:01 SyncOwner: completed sync for owner 1FDHUkNu5QLH1XhdjJ3tpcEVSetB5QhnCZ
2025/12/11 16:53:01 SyncAcct: completed sync for account 1AjdTTSvxTde1FtMjwSuyNqvwiwjmBAjD1
16:53:00 | 200 |  249.551304ms | 192.168.50.211 | GET | /v5/acct/1AjdTTSvxTde1FtMjwSuyNqvwiwjmBAjD1/921744000006433 | -
2025/12/11 16:53:32 SyncAcct: starting sync for account 1AjdTTSvxTde1FtMjwSuyNqvwiwjmBAjD1
2025/12/11 16:53:32 SyncAcct: found 3 owners for account 1AjdTTSvxTde1FtMjwSuyNqvwiwjmBAjD1
2025/12/11 16:53:32 SyncAcct: syncing owner 1/3: 13AGuUcJKJm5JaT9qssFxK8DETo3tAaa66
2025/12/11 16:53:32 SyncOwner: starting sync for owner 13AGuUcJKJm5JaT9qssFxK8DETo3tAaa66
2025/12/11 16:53:32 SyncOwner: last synced height for 13AGuUcJKJm5JaT9qssFxK8DETo3tAaa66: 921744
2025/12/11 16:53:32 FetchOwnerTxns: fetching from https://junglebus.gorillapool.io/v1/address/get/13AGuUcJKJm5JaT9qssFxK8DETo3tAaa66/921744
2025/12/11 16:53:32 FetchOwnerTxns: received 1 transactions for 13AGuUcJKJm5JaT9qssFxK8DETo3tAaa66 from height 921744
2025/12/11 16:53:32 SyncOwner: processing 1 transactions for 13AGuUcJKJm5JaT9qssFxK8DETo3tAaa66
2025/12/11 16:53:32 SyncOwner: waiting for goroutines to complete for 13AGuUcJKJm5JaT9qssFxK8DETo3tAaa66
2025/12/11 16:53:32 [INGEST] Skipping e8bbb409674a434721f1a89d3188673c6816a3245a23f724addb01ec74b0bb87
2025/12/11 16:53:32 SyncOwner: successfully processed 1 transactions (skipped 0) for 13AGuUcJKJm5JaT9qssFxK8DETo3tAaa66
2025/12/11 16:53:32 SyncOwner: updated last height to 921744 for 13AGuUcJKJm5JaT9qssFxK8DETo3tAaa66
2025/12/11 16:53:32 SyncOwner: completed sync for owner 13AGuUcJKJm5JaT9qssFxK8DETo3tAaa66
2025/12/11 16:53:32 SyncAcct: syncing owner 2/3: 1AjdTTSvxTde1FtMjwSuyNqvwiwjmBAjD1
2025/12/11 16:53:32 SyncOwner: starting sync for owner 1AjdTTSvxTde1FtMjwSuyNqvwiwjmBAjD1
2025/12/11 16:53:32 SyncOwner: last synced height for 1AjdTTSvxTde1FtMjwSuyNqvwiwjmBAjD1: 882009
2025/12/11 16:53:32 FetchOwnerTxns: fetching from https://junglebus.gorillapool.io/v1/address/get/1AjdTTSvxTde1FtMjwSuyNqvwiwjmBAjD1/882009
2025/12/11 16:53:32 FetchOwnerTxns: received 1 transactions for 1AjdTTSvxTde1FtMjwSuyNqvwiwjmBAjD1 from height 882009
2025/12/11 16:53:32 SyncOwner: processing 1 transactions for 1AjdTTSvxTde1FtMjwSuyNqvwiwjmBAjD1
2025/12/11 16:53:32 SyncOwner: waiting for goroutines to complete for 1AjdTTSvxTde1FtMjwSuyNqvwiwjmBAjD1
2025/12/11 16:53:32 [INGEST] Skipping b35792aeaf919dd8ecb79cb6139d606348fab9cc1001e322b5ca1de842cf401c
2025/12/11 16:53:32 SyncOwner: successfully processed 1 transactions (skipped 0) for 1AjdTTSvxTde1FtMjwSuyNqvwiwjmBAjD1
2025/12/11 16:53:32 SyncOwner: updated last height to 882009 for 1AjdTTSvxTde1FtMjwSuyNqvwiwjmBAjD1
2025/12/11 16:53:32 SyncOwner: completed sync for owner 1AjdTTSvxTde1FtMjwSuyNqvwiwjmBAjD1
2025/12/11 16:53:32 SyncAcct: syncing owner 3/3: 1FDHUkNu5QLH1XhdjJ3tpcEVSetB5QhnCZ
2025/12/11 16:53:32 SyncOwner: starting sync for owner 1FDHUkNu5QLH1XhdjJ3tpcEVSetB5QhnCZ
2025/12/11 16:53:32 SyncOwner: last synced height for 1FDHUkNu5QLH1XhdjJ3tpcEVSetB5QhnCZ: 920690
2025/12/11 16:53:32 FetchOwnerTxns: fetching from https://junglebus.gorillapool.io/v1/address/get/1FDHUkNu5QLH1XhdjJ3tpcEVSetB5QhnCZ/920690
2025/12/11 16:53:32 FetchOwnerTxns: received 1 transactions for 1FDHUkNu5QLH1XhdjJ3tpcEVSetB5QhnCZ from height 920690
2025/12/11 16:53:32 SyncOwner: processing 1 transactions for 1FDHUkNu5QLH1XhdjJ3tpcEVSetB5QhnCZ
2025/12/11 16:53:32 SyncOwner: waiting for goroutines to complete for 1FDHUkNu5QLH1XhdjJ3tpcEVSetB5QhnCZ
2025/12/11 16:53:32 [INGEST] Skipping 60fb8e74cc13cf57d5b796449f064c44316365d27dea3fed55fc8bcdaa909f6d
2025/12/11 16:53:32 SyncOwner: successfully processed 1 transactions (skipped 0) for 1FDHUkNu5QLH1XhdjJ3tpcEVSetB5QhnCZ
2025/12/11 16:53:32 SyncOwner: updated last height to 920690 for 1FDHUkNu5QLH1XhdjJ3tpcEVSetB5QhnCZ
2025/12/11 16:53:32 SyncOwner: completed sync for owner 1FDHUkNu5QLH1XhdjJ3tpcEVSetB5QhnCZ
2025/12/11 16:53:32 SyncAcct: completed sync for account 1AjdTTSvxTde1FtMjwSuyNqvwiwjmBAjD1
16:53:32 | 200 |  249.764341ms | 192.168.50.211 | GET | /v5/acct/1AjdTTSvxTde1FtMjwSuyNqvwiwjmBAjD1/921744000006433 | -
16:53:51 | 200 |    2.622922ms | 192.168.50.211 | GET | /v5/blocks/list/927048 | -
2025/12/11 16:53:51 SyncAcct: starting sync for account 1AjdTTSvxTde1FtMjwSuyNqvwiwjmBAjD1
2025/12/11 16:53:51 SyncAcct: found 3 owners for account 1AjdTTSvxTde1FtMjwSuyNqvwiwjmBAjD1
2025/12/11 16:53:51 SyncAcct: syncing owner 1/3: 13AGuUcJKJm5JaT9qssFxK8DETo3tAaa66
2025/12/11 16:53:51 SyncOwner: starting sync for owner 13AGuUcJKJm5JaT9qssFxK8DETo3tAaa66
2025/12/11 16:53:51 SyncOwner: last synced height for 13AGuUcJKJm5JaT9qssFxK8DETo3tAaa66: 921744
2025/12/11 16:53:51 FetchOwnerTxns: fetching from https://junglebus.gorillapool.io/v1/address/get/13AGuUcJKJm5JaT9qssFxK8DETo3tAaa66/921744
2025/12/11 16:53:51 FetchOwnerTxns: received 1 transactions for 13AGuUcJKJm5JaT9qssFxK8DETo3tAaa66 from height 921744
2025/12/11 16:53:51 SyncOwner: processing 1 transactions for 13AGuUcJKJm5JaT9qssFxK8DETo3tAaa66
2025/12/11 16:53:51 SyncOwner: waiting for goroutines to complete for 13AGuUcJKJm5JaT9qssFxK8DETo3tAaa66
2025/12/11 16:53:51 [INGEST] Skipping e8bbb409674a434721f1a89d3188673c6816a3245a23f724addb01ec74b0bb87
2025/12/11 16:53:51 SyncOwner: successfully processed 1 transactions (skipped 0) for 13AGuUcJKJm5JaT9qssFxK8DETo3tAaa66
2025/12/11 16:53:51 SyncOwner: updated last height to 921744 for 13AGuUcJKJm5JaT9qssFxK8DETo3tAaa66
2025/12/11 16:53:51 SyncOwner: completed sync for owner 13AGuUcJKJm5JaT9qssFxK8DETo3tAaa66
2025/12/11 16:53:51 SyncAcct: syncing owner 2/3: 1AjdTTSvxTde1FtMjwSuyNqvwiwjmBAjD1
2025/12/11 16:53:51 SyncOwner: starting sync for owner 1AjdTTSvxTde1FtMjwSuyNqvwiwjmBAjD1
2025/12/11 16:53:51 SyncOwner: last synced height for 1AjdTTSvxTde1FtMjwSuyNqvwiwjmBAjD1: 882009
2025/12/11 16:53:51 FetchOwnerTxns: fetching from https://junglebus.gorillapool.io/v1/address/get/1AjdTTSvxTde1FtMjwSuyNqvwiwjmBAjD1/882009
2025/12/11 16:53:51 FetchOwnerTxns: received 1 transactions for 1AjdTTSvxTde1FtMjwSuyNqvwiwjmBAjD1 from height 882009
2025/12/11 16:53:51 SyncOwner: processing 1 transactions for 1AjdTTSvxTde1FtMjwSuyNqvwiwjmBAjD1
2025/12/11 16:53:51 SyncOwner: waiting for goroutines to complete for 1AjdTTSvxTde1FtMjwSuyNqvwiwjmBAjD1
2025/12/11 16:53:51 [INGEST] Skipping b35792aeaf919dd8ecb79cb6139d606348fab9cc1001e322b5ca1de842cf401c
2025/12/11 16:53:51 SyncOwner: successfully processed 1 transactions (skipped 0) for 1AjdTTSvxTde1FtMjwSuyNqvwiwjmBAjD1
2025/12/11 16:53:51 SyncOwner: updated last height to 882009 for 1AjdTTSvxTde1FtMjwSuyNqvwiwjmBAjD1
2025/12/11 16:53:51 SyncOwner: completed sync for owner 1AjdTTSvxTde1FtMjwSuyNqvwiwjmBAjD1
2025/12/11 16:53:51 SyncAcct: syncing owner 3/3: 1FDHUkNu5QLH1XhdjJ3tpcEVSetB5QhnCZ
2025/12/11 16:53:51 SyncOwner: starting sync for owner 1FDHUkNu5QLH1XhdjJ3tpcEVSetB5QhnCZ
2025/12/11 16:53:51 SyncOwner: last synced height for 1FDHUkNu5QLH1XhdjJ3tpcEVSetB5QhnCZ: 920690
2025/12/11 16:53:51 FetchOwnerTxns: fetching from https://junglebus.gorillapool.io/v1/address/get/1FDHUkNu5QLH1XhdjJ3tpcEVSetB5QhnCZ/920690
2025/12/11 16:53:51 FetchOwnerTxns: received 1 transactions for 1FDHUkNu5QLH1XhdjJ3tpcEVSetB5QhnCZ from height 920690
2025/12/11 16:53:51 SyncOwner: processing 1 transactions for 1FDHUkNu5QLH1XhdjJ3tpcEVSetB5QhnCZ
2025/12/11 16:53:51 SyncOwner: waiting for goroutines to complete for 1FDHUkNu5QLH1XhdjJ3tpcEVSetB5QhnCZ
2025/12/11 16:53:51 [INGEST] Skipping 60fb8e74cc13cf57d5b796449f064c44316365d27dea3fed55fc8bcdaa909f6d
2025/12/11 16:53:51 SyncOwner: successfully processed 1 transactions (skipped 0) for 1FDHUkNu5QLH1XhdjJ3tpcEVSetB5QhnCZ
2025/12/11 16:53:51 SyncOwner: updated last height to 920690 for 1FDHUkNu5QLH1XhdjJ3tpcEVSetB5QhnCZ
2025/12/11 16:53:51 SyncOwner: completed sync for owner 1FDHUkNu5QLH1XhdjJ3tpcEVSetB5QhnCZ
2025/12/11 16:53:51 SyncAcct: completed sync for account 1AjdTTSvxTde1FtMjwSuyNqvwiwjmBAjD1
16:53:51 | 200 |  236.711329ms | 192.168.50.211 | GET | /v5/acct/1AjdTTSvxTde1FtMjwSuyNqvwiwjmBAjD1/921744000006433 | -
